D:\PMTAPI\PMTUC\MicroServiceTask\ClientApp\dist\out-tsc\app\models\user.js
D:\PMTAPI\PMTUC\MicroServiceTask\ClientApp\dist\out-tsc\app\models\user.js.map
D:\PMTAPI\PMTUC\MicroServiceTask\ClientApp\dist\out-tsc\app\Service\authentication-service.service.js
D:\PMTAPI\PMTUC\MicroServiceTask\ClientApp\dist\out-tsc\app\Service\authentication-service.service.js.map
D:\PMTAPI\PMTUC\MicroServiceTask\ClientApp\dist\out-tsc\app\Service\user.service.js
D:\PMTAPI\PMTUC\MicroServiceTask\ClientApp\dist\out-tsc\app\Service\user.service.js.map
D:\PMTAPI\PMTUC\MicroServiceTask\ClientApp\dist\out-tsc\app\dashboard\dashboard.component.js
D:\PMTAPI\PMTUC\MicroServiceTask\ClientApp\dist\out-tsc\app\dashboard\dashboard.component.js.map
D:\PMTAPI\PMTUC\MicroServiceTask\ClientApp\dist\out-tsc\app\Helpers\auth.guard.js
D:\PMTAPI\PMTUC\MicroServiceTask\ClientApp\dist\out-tsc\app\Helpers\auth.guard.js.map
D:\PMTAPI\PMTUC\MicroServiceTask\ClientApp\dist\out-tsc\app\login\login.component.js
D:\PMTAPI\PMTUC\MicroServiceTask\ClientApp\dist\out-tsc\app\login\login.component.js.map
D:\PMTAPI\PMTUC\MicroServiceTask\ClientApp\dist\out-tsc\app\Service\taskservice.js
D:\PMTAPI\PMTUC\MicroServiceTask\ClientApp\dist\out-tsc\app\Service\taskservice.js.map
D:\PMTAPI\PMTUC\MicroServiceTask\ClientApp\dist\out-tsc\app\task\task.component.js
D:\PMTAPI\PMTUC\MicroServiceTask\ClientApp\dist\out-tsc\app\task\task.component.js.map
D:\PMTAPI\PMTUC\MicroServiceTask\ClientApp\dist\out-tsc\app\app-routing.module.js
D:\PMTAPI\PMTUC\MicroServiceTask\ClientApp\dist\out-tsc\app\app-routing.module.js.map
D:\PMTAPI\PMTUC\MicroServiceTask\ClientApp\dist\out-tsc\app\app.component.js
D:\PMTAPI\PMTUC\MicroServiceTask\ClientApp\dist\out-tsc\app\app.component.js.map
D:\PMTAPI\PMTUC\MicroServiceTask\ClientApp\dist\out-tsc\app\Material\material.module.js
D:\PMTAPI\PMTUC\MicroServiceTask\ClientApp\dist\out-tsc\app\Material\material.module.js.map
D:\PMTAPI\PMTUC\MicroServiceTask\ClientApp\dist\out-tsc\app\Helpers\interceptor.js
D:\PMTAPI\PMTUC\MicroServiceTask\ClientApp\dist\out-tsc\app\Helpers\interceptor.js.map
D:\PMTAPI\PMTUC\MicroServiceTask\ClientApp\dist\out-tsc\app\app.module.js
D:\PMTAPI\PMTUC\MicroServiceTask\ClientApp\dist\out-tsc\app\app.module.js.map
D:\PMTAPI\PMTUC\MicroServiceTask\ClientApp\dist\out-tsc\environments\environment.js
D:\PMTAPI\PMTUC\MicroServiceTask\ClientApp\dist\out-tsc\environments\environment.js.map
D:\PMTAPI\PMTUC\MicroServiceTask\ClientApp\dist\out-tsc\main.js
D:\PMTAPI\PMTUC\MicroServiceTask\ClientApp\dist\out-tsc\main.js.map
D:\PMTAPI\PMTUC\MicroServiceTask\ClientApp\dist\out-tsc\polyfills.js
D:\PMTAPI\PMTUC\MicroServiceTask\ClientApp\dist\out-tsc\polyfills.js.map
D:\PMTAPI\PMTUC\MicroServiceTask\ClientApp\dist\out-tsc\test.js
D:\PMTAPI\PMTUC\MicroServiceTask\ClientApp\dist\out-tsc\test.js.map
D:\PMTAPI\PMTUC\MicroServiceTask\ClientApp\dist\out-tsc\app\app.component.spec.js
D:\PMTAPI\PMTUC\MicroServiceTask\ClientApp\dist\out-tsc\app\app.component.spec.js.map
D:\PMTAPI\PMTUC\MicroServiceTask\ClientApp\dist\out-tsc\app\Helpers\error.interceptor.js
D:\PMTAPI\PMTUC\MicroServiceTask\ClientApp\dist\out-tsc\app\Helpers\error.interceptor.js.map
D:\PMTAPI\PMTUC\MicroServiceTask\ClientApp\dist\out-tsc\app\Service\authentication-service.service.spec.js
D:\PMTAPI\PMTUC\MicroServiceTask\ClientApp\dist\out-tsc\app\Service\authentication-service.service.spec.js.map
D:\PMTAPI\PMTUC\MicroServiceTask\ClientApp\dist\out-tsc\app\dashboard\dashboard.component.spec.js
D:\PMTAPI\PMTUC\MicroServiceTask\ClientApp\dist\out-tsc\app\dashboard\dashboard.component.spec.js.map
D:\PMTAPI\PMTUC\MicroServiceTask\ClientApp\dist\out-tsc\app\login\login.component.spec.js
D:\PMTAPI\PMTUC\MicroServiceTask\ClientApp\dist\out-tsc\app\login\login.component.spec.js.map
D:\PMTAPI\PMTUC\MicroServiceTask\ClientApp\dist\out-tsc\app\task\task.component.spec.js
D:\PMTAPI\PMTUC\MicroServiceTask\ClientApp\dist\out-tsc\app\task\task.component.spec.js.map
D:\PMTAPI\PMTUC\MicroServiceTask\ClientApp\dist\out-tsc\environments\environment.prod.js
D:\PMTAPI\PMTUC\MicroServiceTask\ClientApp\dist\out-tsc\environments\environment.prod.js.map
